<?xml version="1.0" encoding="UTF-8"?>
<testng-results skipped="0" failed="0" total="1" passed="1">
  <reporter-output>
  </reporter-output>
  <suite name="Default suite" duration-ms="29936" started-at="2024-02-02T20:24:31Z" finished-at="2024-02-02T20:25:01Z">
    <groups>
    </groups>
    <test name="Default test" duration-ms="29936" started-at="2024-02-02T20:24:31Z" finished-at="2024-02-02T20:25:01Z">
      <class name="HandleScrollDown_Program_21">
        <test-method status="PASS" signature="scrollDown()[pri:0, instance:HandleScrollDown_Program_21@2a2d45ba]" name="scrollDown" duration-ms="29823" started-at="2024-02-03T01:54:31Z" finished-at="2024-02-03T01:55:01Z">
          <reporter-output>
          </reporter-output>
        </test-method> <!-- scrollDown -->
      </class> <!-- HandleScrollDown_Program_21 -->
    </test> <!-- Default test -->
  </suite> <!-- Default suite -->
</testng-results>
